# JRE version: Java(TM) SE Runtime Environment (17.0.10+11) (build 17.0.10+11-LTS-240)
# Java VM: Java HotSpot(TM) 64-Bit Server VM (17.0.10+11-LTS-240, mixed mode, sharing, tiered, compressed oops, compressed class ptrs, g1 gc, windows-amd64)
GC Precious Log:
 CPUs: 4 total, 4 available
 Memory: 8105M
 Large Page Support: Disabled
 NUMA Support: Disabled
 Compressed Oops: Enabled (32-bit)
 Heap Region Size: 1M
 Heap Min Capacity: 8M
 Heap Initial Capacity: 128M
 Heap Max Capacity: 2G
 Pre-touch: Disabled
 Parallel Workers: 4
 Concurrent Workers: 1
 Concurrent Refinement Workers: 4
 Periodic GC: Disabled
Heap:
 garbage-first heap   total 296960K, used 201342K [0x0000000080000000, 0x0000000100000000)
  region size 1024K, 8 young (8192K), 2 survivors (2048K)
 Metaspace       used 96886K, committed 98048K, reserved 557056K
  class space    used 13330K, committed 13824K, reserved 425984K
GC Heap History (20 events):
Event: 415.140 GC heap before
{Heap before GC invocations=64 (full 0):
 garbage-first heap   total 250880K, used 185299K [0x0000000080000000, 0x0000000100000000)
  region size 1024K, 40 young (40960K), 3 survivors (3072K)
 Metaspace       used 88995K, committed 89984K, reserved 557056K
  class space    used 12306K, committed 12736K, reserved 425984K
}
Event: 415.153 GC heap after
{Heap after GC invocations=65 (full 0):
 garbage-first heap   total 250880K, used 155873K [0x0000000080000000, 0x0000000100000000)
  region size 1024K, 5 young (5120K), 5 survivors (5120K)
 Metaspace       used 88995K, committed 89984K, reserved 557056K
  class space    used 12306K, committed 12736K, reserved 425984K
}
Event: 419.497 GC heap before
{Heap before GC invocations=65 (full 0):
 garbage-first heap   total 250880K, used 162017K [0x0000000080000000, 0x0000000100000000)
  region size 1024K, 12 young (12288K), 5 survivors (5120K)
 Metaspace       used 89001K, committed 89984K, reserved 557056K
  class space    used 12306K, committed 12736K, reserved 425984K
}
Event: 419.511 GC heap after
{Heap after GC invocations=66 (full 0):
 garbage-first heap   total 250880K, used 155764K [0x0000000080000000, 0x0000000100000000)
  region size 1024K, 2 young (2048K), 2 survivors (2048K)
 Metaspace       used 89001K, committed 89984K, reserved 557056K
  class space    used 12306K, committed 12736K, reserved 425984K
}
Event: 431.407 GC heap before
{Heap before GC invocations=66 (full 0):
 garbage-first heap   total 250880K, used 195700K [0x0000000080000000, 0x0000000100000000)
  region size 1024K, 40 young (40960K), 2 survivors (2048K)
 Metaspace       used 89607K, committed 90624K, reserved 557056K
  class space    used 12378K, committed 12800K, reserved 425984K
}
Event: 431.421 GC heap after
{Heap after GC invocations=67 (full 0):
 garbage-first heap   total 250880K, used 165411K [0x0000000080000000, 0x0000000100000000)
  region size 1024K, 5 young (5120K), 5 survivors (5120K)
 Metaspace       used 89607K, committed 90624K, reserved 557056K
  class space    used 12378K, committed 12800K, reserved 425984K
}
Event: 438.950 GC heap before
{Heap before GC invocations=67 (full 0):
 garbage-first heap   total 250880K, used 200227K [0x0000000080000000, 0x0000000100000000)
  region size 1024K, 39 young (39936K), 5 survivors (5120K)
 Metaspace       used 93376K, committed 94464K, reserved 557056K
  class space    used 12938K, committed 13376K, reserved 425984K
}
Event: 438.964 GC heap after
{Heap after GC invocations=68 (full 0):
 garbage-first heap   total 250880K, used 168671K [0x0000000080000000, 0x0000000100000000)
  region size 1024K, 3 young (3072K), 3 survivors (3072K)
 Metaspace       used 93376K, committed 94464K, reserved 557056K
  class space    used 12938K, committed 13376K, reserved 425984K
}
Event: 464.360 GC heap before
{Heap before GC invocations=68 (full 0):
 garbage-first heap   total 250880K, used 203487K [0x0000000080000000, 0x0000000100000000)
  region size 1024K, 37 young (37888K), 3 survivors (3072K)
 Metaspace       used 93979K, committed 95104K, reserved 557056K
  class space    used 13020K, committed 13504K, reserved 425984K
}
Event: 464.378 GC heap after
{Heap after GC invocations=69 (full 0):
 garbage-first heap   total 250880K, used 172927K [0x0000000080000000, 0x0000000100000000)
  region size 1024K, 5 young (5120K), 5 survivors (5120K)
 Metaspace       used 93979K, committed 95104K, reserved 557056K
  class space    used 13020K, committed 13504K, reserved 425984K
}
Event: 471.980 GC heap before
{Heap before GC invocations=70 (full 0):
 garbage-first heap   total 296960K, used 203647K [0x0000000080000000, 0x0000000100000000)
  region size 1024K, 35 young (35840K), 5 survivors (5120K)
 Metaspace       used 95046K, committed 96128K, reserved 557056K
  class space    used 13138K, committed 13632K, reserved 425984K
}
Event: 472.040 GC heap after
{Heap after GC invocations=71 (full 0):
 garbage-first heap   total 296960K, used 178851K [0x0000000080000000, 0x0000000100000000)
  region size 1024K, 5 young (5120K), 5 survivors (5120K)
 Metaspace       used 95046K, committed 96128K, reserved 557056K
  class space    used 13138K, committed 13632K, reserved 425984K
}
Event: 475.139 GC heap before
{Heap before GC invocations=71 (full 0):
 garbage-first heap   total 296960K, used 188067K [0x0000000080000000, 0x0000000100000000)
  region size 1024K, 14 young (14336K), 5 survivors (5120K)
 Metaspace       used 95142K, committed 96256K, reserved 557056K
  class space    used 13144K, committed 13632K, reserved 425984K
}
Event: 475.163 GC heap after
{Heap after GC invocations=72 (full 0):
 garbage-first heap   total 296960K, used 179136K [0x0000000080000000, 0x0000000100000000)
  region size 1024K, 2 young (2048K), 2 survivors (2048K)
 Metaspace       used 95142K, committed 96256K, reserved 557056K
  class space    used 13144K, committed 13632K, reserved 425984K
}
Event: 490.257 GC heap before
{Heap before GC invocations=72 (full 0):
 garbage-first heap   total 296960K, used 234432K [0x0000000080000000, 0x0000000100000000)
  region size 1024K, 56 young (57344K), 2 survivors (2048K)
 Metaspace       used 95992K, committed 97088K, reserved 557056K
  class space    used 13229K, committed 13696K, reserved 425984K
}
Event: 490.292 GC heap after
{Heap after GC invocations=73 (full 0):
 garbage-first heap   total 296960K, used 188699K [0x0000000080000000, 0x0000000100000000)
  region size 1024K, 7 young (7168K), 7 survivors (7168K)
 Metaspace       used 95992K, committed 97088K, reserved 557056K
  class space    used 13229K, committed 13696K, reserved 425984K
}
Event: 527.337 GC heap before
{Heap before GC invocations=73 (full 0):
 garbage-first heap   total 296960K, used 237851K [0x0000000080000000, 0x0000000100000000)
  region size 1024K, 56 young (57344K), 7 survivors (7168K)
 Metaspace       used 96759K, committed 97920K, reserved 557056K
  class space    used 13327K, committed 13824K, reserved 425984K
}
Event: 527.525 GC heap after
{Heap after GC invocations=74 (full 0):
 garbage-first heap   total 296960K, used 196308K [0x0000000080000000, 0x0000000100000000)
  region size 1024K, 7 young (7168K), 7 survivors (7168K)
 Metaspace       used 96759K, committed 97920K, reserved 557056K
  class space    used 13327K, committed 13824K, reserved 425984K
}
Event: 662.607 GC heap before
{Heap before GC invocations=74 (full 0):
 garbage-first heap   total 296960K, used 242388K [0x0000000080000000, 0x0000000100000000)
  region size 1024K, 53 young (54272K), 7 survivors (7168K)
 Metaspace       used 96849K, committed 97984K, reserved 557056K
  class space    used 13328K, committed 13824K, reserved 425984K
}
Event: 662.749 GC heap after
{Heap after GC invocations=75 (full 0):
 garbage-first heap   total 296960K, used 197246K [0x0000000080000000, 0x0000000100000000)
  region size 1024K, 2 young (2048K), 2 survivors (2048K)
 Metaspace       used 96849K, committed 97984K, reserved 557056K
  class space    used 13328K, committed 13824K, reserved 425984K
}

